c:\users\renzo\onedrive\documenten\school\year_2\semester_2\programming\game\programming4_game\digdug\release\vc143.pdb
c:\users\renzo\onedrive\documenten\school\year_2\semester_2\programming\game\programming4_game\digdug\release\ingameuiscene.obj
c:\users\renzo\onedrive\documenten\school\year_2\semester_2\programming\game\programming4_game\digdug\release\hitstate.obj
c:\users\renzo\onedrive\documenten\school\year_2\semester_2\programming\game\programming4_game\digdug\release\highscorecomponent.obj
c:\users\renzo\onedrive\documenten\school\year_2\semester_2\programming\game\programming4_game\digdug\release\gridcomponent.obj
c:\users\renzo\onedrive\documenten\school\year_2\semester_2\programming\game\programming4_game\digdug\release\ghoststate.obj
c:\users\renzo\onedrive\documenten\school\year_2\semester_2\programming\game\programming4_game\digdug\release\fleestate.obj
c:\users\renzo\onedrive\documenten\school\year_2\semester_2\programming\game\programming4_game\digdug\release\firecomponent.obj
c:\users\renzo\onedrive\documenten\school\year_2\semester_2\programming\game\programming4_game\digdug\release\eventcommand.obj
c:\users\renzo\onedrive\documenten\school\year_2\semester_2\programming\game\programming4_game\digdug\release\digdugscene.obj
c:\users\renzo\onedrive\documenten\school\year_2\semester_2\programming\game\programming4_game\digdug\release\enemysquashedstate.obj
c:\users\renzo\onedrive\documenten\school\year_2\semester_2\programming\game\programming4_game\digdug\release\enemymanager.obj
c:\users\renzo\onedrive\documenten\school\year_2\semester_2\programming\game\programming4_game\digdug\release\enemycomponent.obj
c:\users\renzo\onedrive\documenten\school\year_2\semester_2\programming\game\programming4_game\digdug\release\diggingstate.obj
c:\users\renzo\onedrive\documenten\school\year_2\semester_2\programming\game\programming4_game\digdug\release\digdugscenemanager.obj
c:\users\renzo\onedrive\documenten\school\year_2\semester_2\programming\game\programming4_game\digdug\release\destroyoneventcomponent.obj
c:\users\renzo\onedrive\documenten\school\year_2\semester_2\programming\game\programming4_game\digdug\release\chasestate.obj
c:\users\renzo\onedrive\documenten\school\year_2\semester_2\programming\game\programming4_game\digdug\release\charactercomponent.obj
c:\users\renzo\onedrive\documenten\school\year_2\semester_2\programming\game\programming4_game\digdug\release\caughtstate.obj
c:\users\renzo\onedrive\documenten\school\year_2\semester_2\programming\game\programming4_game\digdug\release\blowingstate.obj
c:\users\renzo\onedrive\documenten\school\year_2\semester_2\programming\game\programming4_game\digdug\release\attackstate.obj
c:\users\renzo\onedrive\documenten\school\year_2\semester_2\programming\game\programming4_game\digdug\release\uiscene.obj
c:\users\renzo\onedrive\documenten\school\year_2\semester_2\programming\game\programming4_game\digdug\release\skiplevelcommand.obj
c:\users\renzo\onedrive\documenten\school\year_2\semester_2\programming\game\programming4_game\digdug\release\playersquashedstate.obj
c:\users\renzo\onedrive\documenten\school\year_2\semester_2\programming\game\programming4_game\digdug\release\shootingstate.obj
c:\users\renzo\onedrive\documenten\school\year_2\semester_2\programming\game\programming4_game\digdug\release\selectioncomponent.obj
c:\users\renzo\onedrive\documenten\school\year_2\semester_2\programming\game\programming4_game\digdug\release\scoreinputcomponent.obj
c:\users\renzo\onedrive\documenten\school\year_2\semester_2\programming\game\programming4_game\digdug\release\scorecomponent.obj
c:\users\renzo\onedrive\documenten\school\year_2\semester_2\programming\game\programming4_game\digdug\release\ropecomponent.obj
c:\users\renzo\onedrive\documenten\school\year_2\semester_2\programming\game\programming4_game\digdug\release\rockcomponent.obj
c:\users\renzo\onedrive\documenten\school\year_2\semester_2\programming\game\programming4_game\digdug\release\roamingstate.obj
c:\users\renzo\onedrive\documenten\school\year_2\semester_2\programming\game\programming4_game\digdug\release\playermanager.obj
c:\users\renzo\onedrive\documenten\school\year_2\semester_2\programming\game\programming4_game\digdug\release\mutecommand.obj
c:\users\renzo\onedrive\documenten\school\year_2\semester_2\programming\game\programming4_game\digdug\release\movecommand.obj
c:\users\renzo\onedrive\documenten\school\year_2\semester_2\programming\game\programming4_game\digdug\release\main.obj
c:\users\renzo\onedrive\documenten\school\year_2\semester_2\programming\game\programming4_game\digdug\release\livescomponent.obj
c:\users\renzo\onedrive\documenten\school\year_2\semester_2\programming\game\programming4_game\release\digdug.exe
c:\users\renzo\onedrive\documenten\school\year_2\semester_2\programming\game\programming4_game\digdug\release\digdug.ipdb
c:\users\renzo\onedrive\documenten\school\year_2\semester_2\programming\game\programming4_game\digdug\release\digdug.iobj
c:\users\renzo\onedrive\documenten\school\year_2\semester_2\programming\game\programming4_game\release\digdug.pdb
c:\users\renzo\onedrive\documenten\school\year_2\semester_2\programming\game\programming4_game\digdug\release\digdug.tlog\cl.command.1.tlog
c:\users\renzo\onedrive\documenten\school\year_2\semester_2\programming\game\programming4_game\digdug\release\digdug.tlog\cl.read.1.tlog
c:\users\renzo\onedrive\documenten\school\year_2\semester_2\programming\game\programming4_game\digdug\release\digdug.tlog\cl.write.1.tlog
c:\users\renzo\onedrive\documenten\school\year_2\semester_2\programming\game\programming4_game\digdug\release\digdug.tlog\link.command.1.tlog
c:\users\renzo\onedrive\documenten\school\year_2\semester_2\programming\game\programming4_game\digdug\release\digdug.tlog\link.read.1.tlog
c:\users\renzo\onedrive\documenten\school\year_2\semester_2\programming\game\programming4_game\digdug\release\digdug.tlog\link.write.1.tlog
