c:\users\renzo\onedrive\documenten\school\year_2\semester_2\programming\game\programming4_game\release\minigin.pdb
c:\users\renzo\onedrive\documenten\school\year_2\semester_2\programming\game\programming4_game\minigin\win32\release\rendertexturecomponent.obj
c:\users\renzo\onedrive\documenten\school\year_2\semester_2\programming\game\programming4_game\minigin\win32\release\renderer.obj
c:\users\renzo\onedrive\documenten\school\year_2\semester_2\programming\game\programming4_game\minigin\win32\release\removeobjectcommand.obj
c:\users\renzo\onedrive\documenten\school\year_2\semester_2\programming\game\programming4_game\minigin\win32\release\minigin.obj
c:\users\renzo\onedrive\documenten\school\year_2\semester_2\programming\game\programming4_game\minigin\win32\release\inputmapper.obj
c:\users\renzo\onedrive\documenten\school\year_2\semester_2\programming\game\programming4_game\minigin\win32\release\inputmanager.obj
c:\users\renzo\onedrive\documenten\school\year_2\semester_2\programming\game\programming4_game\minigin\win32\release\gameobjectcommand.obj
c:\users\renzo\onedrive\documenten\school\year_2\semester_2\programming\game\programming4_game\minigin\win32\release\gameobject.obj
c:\users\renzo\onedrive\documenten\school\year_2\semester_2\programming\game\programming4_game\minigin\win32\release\font.obj
c:\users\renzo\onedrive\documenten\school\year_2\semester_2\programming\game\programming4_game\minigin\win32\release\controller.obj
c:\users\renzo\onedrive\documenten\school\year_2\semester_2\programming\game\programming4_game\minigin\win32\release\component.obj
c:\users\renzo\onedrive\documenten\school\year_2\semester_2\programming\game\programming4_game\minigin\win32\release\command.obj
c:\users\renzo\onedrive\documenten\school\year_2\semester_2\programming\game\programming4_game\minigin\win32\release\animationcomponent.obj
c:\users\renzo\onedrive\documenten\school\year_2\semester_2\programming\game\programming4_game\minigin\win32\release\imgui_widgets.obj
c:\users\renzo\onedrive\documenten\school\year_2\semester_2\programming\game\programming4_game\minigin\win32\release\imgui_tables.obj
c:\users\renzo\onedrive\documenten\school\year_2\semester_2\programming\game\programming4_game\minigin\win32\release\imgui_draw.obj
c:\users\renzo\onedrive\documenten\school\year_2\semester_2\programming\game\programming4_game\minigin\win32\release\imgui_demo.obj
c:\users\renzo\onedrive\documenten\school\year_2\semester_2\programming\game\programming4_game\minigin\win32\release\imgui.obj
c:\users\renzo\onedrive\documenten\school\year_2\semester_2\programming\game\programming4_game\minigin\win32\release\imgui_impl_sdl2.obj
c:\users\renzo\onedrive\documenten\school\year_2\semester_2\programming\game\programming4_game\minigin\win32\release\imgui_impl_opengl2.obj
c:\users\renzo\onedrive\documenten\school\year_2\semester_2\programming\game\programming4_game\minigin\win32\release\transform.obj
c:\users\renzo\onedrive\documenten\school\year_2\semester_2\programming\game\programming4_game\minigin\win32\release\texture2d.obj
c:\users\renzo\onedrive\documenten\school\year_2\semester_2\programming\game\programming4_game\minigin\win32\release\textcomponent.obj
c:\users\renzo\onedrive\documenten\school\year_2\semester_2\programming\game\programming4_game\minigin\win32\release\audiofile.obj
c:\users\renzo\onedrive\documenten\school\year_2\semester_2\programming\game\programming4_game\minigin\win32\release\loggingsoundsystem.obj
c:\users\renzo\onedrive\documenten\school\year_2\semester_2\programming\game\programming4_game\minigin\win32\release\servicelocator.obj
c:\users\renzo\onedrive\documenten\school\year_2\semester_2\programming\game\programming4_game\minigin\win32\release\sdlsoundsystem.obj
c:\users\renzo\onedrive\documenten\school\year_2\semester_2\programming\game\programming4_game\minigin\win32\release\scenemanager.obj
c:\users\renzo\onedrive\documenten\school\year_2\semester_2\programming\game\programming4_game\minigin\win32\release\scenecommand.obj
c:\users\renzo\onedrive\documenten\school\year_2\semester_2\programming\game\programming4_game\minigin\win32\release\scene.obj
c:\users\renzo\onedrive\documenten\school\year_2\semester_2\programming\game\programming4_game\minigin\win32\release\resourcemanager.obj
c:\users\renzo\onedrive\documenten\school\year_2\semester_2\programming\game\programming4_game\release\minigin.lib
c:\users\renzo\onedrive\documenten\school\year_2\semester_2\programming\game\programming4_game\minigin\win32\release\minigin.tlog\cl.command.1.tlog
c:\users\renzo\onedrive\documenten\school\year_2\semester_2\programming\game\programming4_game\minigin\win32\release\minigin.tlog\cl.read.1.tlog
c:\users\renzo\onedrive\documenten\school\year_2\semester_2\programming\game\programming4_game\minigin\win32\release\minigin.tlog\cl.write.1.tlog
c:\users\renzo\onedrive\documenten\school\year_2\semester_2\programming\game\programming4_game\minigin\win32\release\minigin.tlog\lib-link.read.1.tlog
c:\users\renzo\onedrive\documenten\school\year_2\semester_2\programming\game\programming4_game\minigin\win32\release\minigin.tlog\lib-link.write.1.tlog
c:\users\renzo\onedrive\documenten\school\year_2\semester_2\programming\game\programming4_game\minigin\win32\release\minigin.tlog\lib.command.1.tlog
