  imgui_impl_opengl2.cpp
  imgui_impl_sdl2.cpp
  imgui.cpp
  imgui_demo.cpp
  imgui_draw.cpp
  imgui_tables.cpp
  imgui_widgets.cpp
  AnimationComponent.cpp
  Command.cpp
  Component.cpp
  Controller.cpp
  Font.cpp
  GameObject.cpp
  GameObjectCommand.cpp
  InputManager.cpp
  InputMapper.cpp
  Minigin.cpp
  RemoveObjectCommand.cpp
  Renderer.cpp
  RenderTextureComponent.cpp
  Generating Code...
  Compiling...
  ResourceManager.cpp
  Scene.cpp
  SceneCommand.cpp
  SceneManager.cpp
  SDLSoundSystem.cpp
  ServiceLocator.cpp
  LoggingSoundSystem.cpp
  AudioFile.cpp
  TextComponent.cpp
  Texture2D.cpp
  Transform.cpp
  Generating Code...
opengl32.lib(OPENGL32.dll) : warning LNK4006: __NULL_IMPORT_DESCRIPTOR already defined in xinput.lib(XINPUT1_4.dll); second definition ignored
  Minigin.vcxproj -> C:\Users\renzo\OneDrive\Documenten\School\Year_2\Semester_2\Programming\Game\Programming4_Game\Debug\Minigin.lib
  C:\Users\renzo\OneDrive\Documenten\School\Year_2\Semester_2\Programming\Game\Programming4_Game\3rdParty\SDL2\lib\x86\SDL2.dll
  1 File(s) copied
  C:\Users\renzo\OneDrive\Documenten\School\Year_2\Semester_2\Programming\Game\Programming4_Game\3rdParty\SDL2_image\lib\x86\SDL2_image.dll
  1 File(s) copied
  C:\Users\renzo\OneDrive\Documenten\School\Year_2\Semester_2\Programming\Game\Programming4_Game\3rdParty\SDL2_ttf\lib\x86\SDL2_ttf.dll
  1 File(s) copied
  C:\Users\renzo\OneDrive\Documenten\School\Year_2\Semester_2\Programming\Game\Programming4_Game\3rdParty\SDL2_mixer\lib\x86\SDL2_mixer.dll
  1 File(s) copied
